TN:
SF:src\router.ts
FN:31,(anonymous_1)
FN:45,(anonymous_2)
FNF:2
FNH:2
FNDA:4,(anonymous_1)
FNDA:5,(anonymous_2)
DA:1,2
DA:3,2
DA:4,2
DA:5,2
DA:9,2
DA:17,2
DA:18,2
DA:23,2
DA:31,4
DA:37,2
DA:45,5
DA:51,2
DA:56,2
DA:61,2
LF:14
LH:14
BRF:0
BRH:0
end_of_record
TN:
SF:src\server.ts
FN:7,connectDB
FN:27,(anonymous_2)
FNF:2
FNH:2
FNDA:3,connectDB
FNDA:1,(anonymous_2)
DA:1,2
DA:2,2
DA:3,2
DA:4,2
DA:7,2
DA:8,3
DA:9,3
DA:10,2
DA:14,1
DA:17,2
DA:20,2
DA:23,2
DA:25,2
DA:27,2
DA:28,1
DA:31,2
LF:16
LH:16
BRF:0
BRH:0
end_of_record
TN:
SF:src\config\db.ts
FNF:0
FNH:0
DA:1,2
DA:2,2
DA:3,2
DA:6,2
DA:11,2
LF:5
LH:5
BRF:0
BRH:0
end_of_record
TN:
SF:src\handlers\product.ts
FN:4,(anonymous_1)
FN:14,(anonymous_2)
FN:25,(anonymous_3)
FN:32,(anonymous_4)
FN:49,(anonymous_5)
FN:68,(anonymous_6)
FNF:6
FNH:6
FNDA:2,(anonymous_1)
FNDA:2,(anonymous_2)
FNDA:1,(anonymous_3)
FNDA:2,(anonymous_4)
FNDA:2,(anonymous_5)
FNDA:2,(anonymous_6)
DA:2,2
DA:4,2
DA:5,2
DA:11,2
DA:14,2
DA:15,2
DA:16,2
DA:18,2
DA:19,1
DA:21,1
DA:23,1
DA:25,2
DA:27,1
DA:28,1
DA:32,2
DA:33,2
DA:34,2
DA:36,2
DA:37,1
DA:39,1
DA:43,1
DA:44,1
DA:46,1
DA:49,2
DA:50,2
DA:51,2
DA:53,2
DA:54,1
DA:56,1
DA:60,1
DA:61,1
DA:63,1
DA:65,1
DA:68,2
DA:69,2
DA:70,2
DA:72,2
DA:73,1
DA:75,1
DA:78,1
DA:79,1
LF:41
LH:41
BRDA:18,0,0,1
BRDA:36,1,0,1
BRDA:53,2,0,1
BRDA:72,3,0,1
BRF:4
BRH:4
end_of_record
TN:
SF:src\middleware\index.ts
FN:4,(anonymous_0)
FNF:1
FNH:1
FNDA:17,(anonymous_0)
DA:2,2
DA:4,2
DA:5,17
DA:6,17
DA:8,8
DA:9,8
DA:12,9
DA:15,2
LF:8
LH:8
BRDA:6,0,0,8
BRF:1
BRH:1
end_of_record
TN:
SF:src\models\Product.model.ts
FNF:0
FNH:0
DA:1,3
DA:7,3
DA:11,3
DA:16,3
DA:22,3
DA:24,3
LF:6
LH:6
BRF:0
BRH:0
end_of_record
